<?xml version="1.0" encoding="UTF-8"?>
<testng-results skipped="0" failed="0" total="1" passed="1">
  <reporter-output>
  </reporter-output>
  <suite name="Suite" duration-ms="40" started-at="2018-10-29T18:02:03Z" finished-at="2018-10-29T18:02:03Z">
    <groups>
    </groups>
    <test name="Test" duration-ms="40" started-at="2018-10-29T18:02:03Z" finished-at="2018-10-29T18:02:03Z">
      <class name="com.amirselenium.demo">
        <test-method status="PASS" signature="qwerty()" name="qwerty" duration-ms="24" started-at="2018-10-29T18:02:03Z" finished-at="2018-10-29T18:02:03Z">
        </test-method>
      </class>
    </test>
  </suite>
</testng-results>
